2020-12-04 18:16:47,135 INFO [root] [apiLogin.py (__init__:11] - 开始获取登录的url地址：
2020-12-04 18:16:48,097 INFO [root] [apiLogin.py (__init__:11] - 开始获取登录的url地址：
2020-12-04 18:16:48,313 INFO [root] [apiLogin.py (__init__:11] - 开始获取登录的url地址：
2020-12-04 18:19:44,591 INFO [root] [apiLogin.py (__init__:11] - 开始获取登录的url地址：
2020-12-04 18:19:44,591 INFO [root] [apiLogin.py (__init__:13] - 登录的url地址：http://121.42.15.146:9090//mtx/index.php?s=/index/user/login.html
2020-12-04 18:19:44,593 INFO [root] [apiLogin.py (login:23] - 准备发起登录的请求，请求的参数是{'accounts': 'yaoyao', 'pwd': ''},headers是{'X-Requested-With': 'XMLHttpRequest'}
2020-12-04 18:19:44,785 INFO [root] [apiLogin.py (login:25] - 获取的响应值是<Response [200]>
2020-12-04 18:19:44,805 INFO [root] [apiLogin.py (login:23] - 准备发起登录的请求，请求的参数是{'accounts': '', 'pwd': 'yaoyao'},headers是{'X-Requested-With': 'XMLHttpRequest'}
2020-12-04 18:19:44,943 INFO [root] [apiLogin.py (login:25] - 获取的响应值是<Response [200]>
2020-12-04 18:19:44,965 INFO [root] [apiLogin.py (login:23] - 准备发起登录的请求，请求的参数是{'accounts': 'lwx', 'pwd': 'yaoyao'},headers是{'X-Requested-With': 'XMLHttpRequest'}
2020-12-04 18:19:45,108 INFO [root] [apiLogin.py (login:25] - 获取的响应值是<Response [200]>
2020-12-04 18:19:45,121 INFO [root] [apiLogin.py (login:23] - 准备发起登录的请求，请求的参数是{'accounts': 'yaoyao', 'pwd': '123456'},headers是{'X-Requested-With': 'XMLHttpRequest'}
2020-12-04 18:19:45,250 INFO [root] [apiLogin.py (login:25] - 获取的响应值是<Response [200]>
2020-12-04 18:19:45,260 INFO [root] [apiLogin.py (__init__:11] - 开始获取登录的url地址：
2020-12-04 18:19:45,260 INFO [root] [apiLogin.py (__init__:13] - 登录的url地址：http://121.42.15.146:9090//mtx/index.php?s=/index/user/login.html
2020-12-04 18:19:45,260 INFO [root] [apiLogin.py (login_success:35] - 准备发起成功的登录请求
2020-12-04 18:19:45,260 INFO [root] [apiLogin.py (login_success:37] - 成功的数据信息是{'accounts': 'yaoyao', 'pwd': 'yaoyao'}
2020-12-04 18:19:45,404 INFO [root] [apiLogin.py (login_success:39] - 成功请求的响应值是<Response [200]>
2020-12-04 18:19:45,602 INFO [root] [apiLogin.py (__init__:11] - 开始获取登录的url地址：
2020-12-04 18:19:45,602 INFO [root] [apiLogin.py (__init__:13] - 登录的url地址：http://121.42.15.146:9090//mtx/index.php?s=/index/user/login.html
2020-12-04 18:19:45,602 INFO [root] [apiLogin.py (login_success:35] - 准备发起成功的登录请求
2020-12-04 18:19:45,603 INFO [root] [apiLogin.py (login_success:37] - 成功的数据信息是{'accounts': 'yaoyao', 'pwd': 'yaoyao'}
2020-12-04 18:19:45,743 INFO [root] [apiLogin.py (login_success:39] - 成功请求的响应值是<Response [200]>
